1_247470187_A_G
1_247470703_A_G
1_247470836_A_G
1_247471121_C_T
1_247471561_C_T
1_247472114_A_G
1_247472200_A_T
1_247472575_C_T
1_247472605_C_T
1_247472664_A_G
1_247473889_C_T
1_247474249_A_G
1_247474712_A_C
1_247475532_A_G
1_247476021_A_G
1_247476616_A_G
1_247476745_C_T
1_247477068_A_G
1_247477237_A_G
1_247477760_A_T
1_247478286_C_T
1_247479335_A_T
1_247479473_C_T
1_247480880_C_G
1_247481214_A_G
1_247481269_A_G
1_247481530_C_T
1_247481583_A_T
1_247482430_A_C
1_247482434_C_T
1_247482534_C_T
1_247482949_A_G
1_247483159_A_G
1_247483417_A_C
1_247483520_A_T
1_247484025_A_C
1_247484065_A_G
1_247484355_A_G
1_247484456_A_C
1_247484478_A_G
1_247484614_A_C
1_247484678_A_G
1_247484791_A_G
1_247484918_A_G
1_247485109_A_G
1_247485117_C_T
1_247485932_A_G
1_247486213_A_G
1_247486421_C_G
1_247486528_C_T
1_247486678_C_T
1_247486736_C_T
1_247487085_A_G
1_247487629_C_G
1_247488506_C_T
1_247488738_C_T
1_247488745_A_G
1_247489331_C_T
1_247489449_C_T
1_247489453_A_T
1_247489571_G_T
1_247489638_A_G
1_247490307_A_G
1_247490399_C_T
1_247490409_C_T
1_247490707_A_G
1_247491277_A_G
1_247493031_C_G
1_247494123_A_C
1_247494162_A_G
1_247494350_G_T
1_247494408_C_T
1_247495385_C_T
1_247495390_C_T
1_247496080_A_T
1_247497219_C_T
1_247497527_A_G
1_247497864_A_G
1_247498567_A_G
1_247499567_A_C
1_247500167_C_T
1_247500399_C_T
1_247500650_A_G
1_247500887_C_T
1_247501004_A_G
1_247501429_A_G
1_247501489_C_T
1_247502031_A_G
1_247503161_G_T
1_247503507_A_G
1_247504922_A_G
1_247506845_C_G
1_247507598_C_G
1_247507706_C_T
1_247507798_C_T
1_247507887_C_T
1_247507908_C_T
1_247507979_C_G
1_247508150_G_T
1_247508190_A_G
1_247508452_A_G
1_247508577_A_G
1_247509095_C_T
1_247509138_C_T
1_247509402_C_G
1_247509417_C_T
1_247509951_G_T
1_247509967_C_T
1_247509976_C_T
1_247510069_A_T
1_247510937_C_T
1_247511781_A_G
1_247512163_A_C
1_247512389_A_G
1_247512718_C_T
1_247512937_C_G
1_247513049_A_G
1_247513138_A_T
1_247513817_C_G
1_247515129_C_T
1_247515453_C_G
1_247515885_A_C
1_247516135_A_G
1_247516627_A_G
1_247516964_A_G
1_247517019_C_T
1_247517052_A_G
1_247517268_A_G
1_247517689_A_G
1_247518659_G_T
1_247519270_G_T
1_247519422_C_T
1_247519614_C_T
1_247519775_A_G
1_247519784_A_G
1_247519949_A_G
1_247519960_C_G
1_247520036_C_T
1_247520046_C_G
1_247520226_G_T
1_247520810_G_T
1_247521607_C_G
1_247521847_C_T
1_247522350_C_T
1_247522682_C_T
1_247523056_C_T
1_247523330_A_G
1_247523368_G_T
1_247523487_A_G
1_247523502_G_T
1_247523778_C_T
1_247523784_C_G
1_247524219_A_T
1_247524300_C_T
1_247524439_G_T
1_247524542_G_T
1_247524942_C_T
1_247524963_A_G
1_247525234_A_G
1_247525457_C_G
1_247525530_A_G
1_247525594_A_G
1_247525606_A_G
1_247525806_C_T
1_247525934_A_G
1_247525936_A_G
1_247526101_A_G
1_247526133_A_G
1_247526623_A_T
1_247526826_C_T
1_247526882_C_T
1_247527143_A_G
1_247527168_C_T
1_247527273_A_C
1_247527322_A_G
1_247527480_A_G
1_247527483_A_G
1_247527488_A_G
1_247527555_C_T
1_247527567_C_T
1_247528428_A_G
1_247528447_A_G
1_247528493_C_T
1_247528496_C_T
1_247528528_G_T
1_247528566_A_C
1_247528731_C_T
1_247528734_A_G
1_247528771_A_G
1_247528938_A_G
1_247529017_C_T
1_247529079_A_G
1_247529435_A_G
1_247529625_C_T
1_247530238_A_T
1_247530251_A_G
1_247530401_A_G
1_247530603_A_G
1_247530721_C_T
1_247531037_A_G
1_247531086_C_T
1_247531139_A_G
1_247531322_A_G
1_247531508_C_G
1_247531866_A_G
1_247531929_A_G
1_247531968_C_T
1_247532011_C_T
1_247532171_C_T
1_247532311_A_G
1_247532384_A_G
1_247532518_A_G
1_247533005_A_G
1_247533098_A_G
1_247533491_A_C
1_247533536_C_T
1_247533577_C_T
1_247534295_C_T
1_247534300_C_T
1_247534328_A_G
1_247534592_A_G
1_247534957_A_G
1_247535535_A_G
1_247535926_C_T
1_247536030_A_G
1_247536083_C_T
1_247536127_G_T
1_247536135_C_G
1_247536222_A_G
1_247536686_A_G
1_247536768_G_T
1_247536963_G_T
1_247536980_A_G
1_247537126_A_G
1_247537146_G_T
1_247537171_C_T
1_247537245_C_T
1_247537688_G_T
1_247537940_A_G
1_247538032_A_G
1_247538618_A_C
1_247538686_C_T
1_247538751_C_T
1_247539225_A_G
1_247539505_C_T
1_247540218_C_T
1_247540313_A_G
1_247540679_G_T
1_247542052_C_T
1_247542399_C_T
1_247542629_C_T
1_247542726_C_T
1_247542777_A_G
1_247542780_A_G
1_247542823_A_C
1_247542838_A_G
1_247542921_A_G
1_247543025_A_G
1_247543046_C_T
1_247543082_A_G
1_247543094_C_T
1_247543143_A_C
1_247543227_C_T
1_247543315_C_T
1_247543526_A_T
1_247543557_C_T
1_247543688_A_G
1_247543698_A_G
1_247543818_A_C
1_247544185_C_G
1_247544253_G_T
1_247544360_C_T
1_247544551_A_T
1_247544594_A_G
1_247544604_A_G
1_247544767_A_G
1_247544800_C_T
1_247544816_C_T
1_247544873_C_T
1_247545013_A_G
1_247545182_A_G
1_247545294_C_T
1_247545309_A_G
1_247545360_A_G
1_247545374_C_G
1_247545939_A_G
1_247545962_G_T
1_247546079_A_G
1_247546086_C_T
1_247546124_A_C
1_247546150_A_G
1_247546333_C_G
1_247546345_A_G
1_247546361_A_G
1_247546695_A_G
1_247547071_C_T
1_247547073_C_T
1_247547281_A_T
1_247547302_C_T
1_247547304_C_G
1_247547312_C_T
1_247547334_A_C
1_247547458_C_T
1_247547610_C_T
1_247547734_A_C
1_247547759_C_G
1_247547795_A_G
1_247548128_A_G
1_247549115_A_C
1_247549220_C_T
1_247549648_C_T
1_247550291_C_T
1_247550331_A_G
1_247550820_C_T
1_247551714_A_G
1_247551719_A_C
1_247552084_C_T
1_247552196_A_G
1_247552549_C_T
1_247552822_C_G
1_247552838_C_T
1_247552897_A_C
1_247553547_C_T
1_247553979_A_G
1_247554039_C_T
1_247554193_C_T
1_247554254_A_C
1_247554403_C_T
1_247554488_G_T
1_247554655_A_C
1_247554732_C_G
1_247554851_C_G
1_247554949_G_T
1_247555079_A_G
1_247556117_A_G
1_247556740_C_T
1_247557110_A_T
1_247557936_C_T
1_247558635_A_T
1_247558748_A_G
1_247558787_C_T
1_247558869_C_T
1_247559156_C_T
1_247559367_G_T
1_247559471_A_G
1_247559549_A_G
1_247559553_A_G
1_247559653_A_G
1_247559791_A_G
1_247559858_A_G
1_247560217_C_T
1_247560318_C_G
1_247560379_C_T
1_247560473_A_G
1_247560480_C_T
1_247560522_A_G
1_247560587_C_T
1_247560979_A_C
1_247561153_A_G
1_247561265_A_G
1_247561515_C_T
1_247561708_A_C
1_247561724_A_G
1_247561786_A_T
1_247561942_G_T
1_247561958_C_T
1_247562209_C_T
1_247562232_G_T
1_247562469_A_G
1_247562585_C_T
1_247562634_C_T
1_247562823_A_G
1_247562892_C_T
1_247563391_C_T
1_247563681_A_C
1_247563890_C_T
1_247564856_C_T
1_247565953_A_G
1_247566140_A_G
1_247566416_C_G
1_247566471_A_G
1_247566818_A_G
1_247566875_C_T
1_247567063_G_T
1_247567273_C_T
1_247567930_C_T
1_247567932_A_G
1_247567980_A_G
1_247568051_A_G
1_247568158_C_T
1_247568302_A_G
1_247568884_A_G
1_247569321_C_T
1_247569423_G_T
1_247569441_C_T
1_247569562_A_G
1_247569564_C_T
1_247569565_A_G
1_247569585_A_G
1_247569597_G_T
1_247569623_C_T
1_247569646_C_T
1_247569710_C_T
1_247569711_A_G
1_247569718_A_G
1_247569728_C_T
1_247569754_C_T
1_247569839_A_G
1_247570221_C_T
1_247570227_C_T
1_247570352_C_T
1_247570566_A_G
1_247570819_C_T
1_247570951_C_T
1_247571138_G_T
1_247571428_A_G
1_247571674_C_T
1_247572032_A_G
1_247572147_A_G
1_247572169_A_G
1_247572365_A_C
1_247572368_A_G
1_247572528_A_T
1_247572573_A_C
1_247572628_C_T
1_247572656_C_T
1_247573223_A_G
1_247573784_C_G
1_247574078_A_G
1_247574100_G_T
1_247574117_A_G
1_247574877_C_T
1_247574963_A_C
1_247574984_C_T
1_247575114_C_T
1_247575261_C_T
1_247575636_G_T
1_247575768_A_G
1_247577047_C_T
1_247577079_C_T
1_247577811_A_G
1_247577856_C_T
1_247577966_G_T
1_247578441_A_G
1_247579435_G_T
1_247579710_C_G
1_247579749_A_G
1_247579908_A_G
1_247580568_C_T
1_247580810_C_T
1_247581209_C_T
1_247581542_G_T
1_247581872_A_G
1_247582063_G_T
1_247582619_C_G
1_247582756_C_T
1_247582826_A_T
1_247583010_A_G
1_247583125_C_G
1_247583221_C_T
1_247583452_A_G
1_247583677_C_G
1_247584075_A_G
1_247584591_A_G
1_247584598_G_T
1_247584643_C_G
1_247585213_A_G
1_247585244_C_T
1_247585602_A_G
1_247585661_A_G
1_247585934_A_G
1_247586186_C_T
1_247586336_C_T
1_247586920_G_T
1_247587065_A_G
1_247587408_C_T
1_247587477_A_G
1_247587531_A_G
1_247588053_C_T
1_247588858_A_C
1_247588960_A_G
1_247589571_C_T
1_247589795_C_T
1_247590103_C_T
1_247590327_A_G
1_247590493_C_G
1_247590801_C_T
1_247591473_C_T
1_247591691_A_G
1_247592015_A_G
1_247592175_C_T
1_247592192_C_T
1_247592470_C_G
1_247593142_A_G
1_247593420_C_T
1_247593562_A_G
1_247593714_C_G
1_247593978_A_G
1_247594159_A_C
1_247594416_A_G
1_247594440_C_T
1_247594514_A_T
1_247594556_C_T
1_247594776_A_G
1_247594871_C_T
1_247594890_C_T
1_247595431_C_T
1_247595850_C_T
1_247596057_A_G
1_247596317_C_G
1_247596321_A_G
1_247596386_A_G
1_247596527_A_G
1_247596750_A_G
1_247596824_A_C
1_247596860_A_C
1_247596954_A_G
1_247597050_A_G
1_247597054_C_T
1_247597149_G_T
1_247597229_C_T
1_247597264_C_T
1_247597276_A_G
1_247597329_C_T
1_247597365_A_G
1_247597629_C_T
1_247598051_G_T
1_247598111_C_T
1_247598415_A_G
1_247598484_A_G
1_247598516_C_T
1_247599025_C_T
1_247599070_C_T
1_247599232_A_G
1_247600301_A_C
1_247600353_C_T
1_247600791_C_T
1_247601160_A_G
1_247601357_A_G
1_247601595_C_T
1_247601749_A_C
1_247601778_C_T
1_247601886_A_G
1_247601965_C_T
1_247602201_A_G
1_247602308_G_T
1_247602968_A_G
1_247603463_A_G
1_247603584_C_T
1_247603905_A_G
1_247604258_A_C
1_247605127_C_T
1_247605221_A_G
1_247605501_C_T
1_247605599_C_T
1_247605604_A_G
1_247606276_C_T
1_247606739_A_G
1_247607030_C_G
1_247607052_A_G
1_247607642_C_T
1_247608167_A_C
1_247608519_G_T
1_247608628_A_G
1_247608651_C_T
1_247608660_A_G
1_247608777_C_G
1_247608797_C_T
1_247608910_C_T
1_247609328_C_T
1_247609648_A_G
1_247610136_C_T
1_247610411_C_T
1_247610829_G_T
1_247611123_A_G
1_247611459_A_G
1_247611460_C_G
1_247611514_C_T
1_247612036_C_G
1_247612202_A_T
1_247612295_C_T
1_247612435_A_T
1_247612562_C_T
1_247612596_A_G
1_247613020_C_T
1_247613321_C_T
1_247613348_A_T
1_247613436_C_T
1_247613446_C_T
1_247613478_C_T
1_247613501_A_G
1_247613502_A_C
1_247613539_C_T
1_247613544_C_T
1_247613568_A_G
1_247613630_C_T
1_247613888_C_T
1_247614194_A_G
1_247614386_C_T
1_247614407_A_G
1_247614553_C_T
1_247614617_C_T
1_247614896_A_C
1_247615252_A_G
1_247615340_C_T
1_247615358_C_G
1_247615470_C_T
1_247615512_G_T
1_247615595_C_T
1_247615669_A_G
1_247615780_A_G
1_247615784_A_G
1_247615887_C_T
1_247616043_A_G
1_247616100_C_G
1_247616181_A_T
1_247616319_C_T
1_247616446_A_G
1_247616579_A_G
1_247616723_C_T
1_247616733_A_G
1_247616766_C_T
1_247616802_C_T
1_247616839_C_T
1_247617036_G_T
1_247617086_C_T
1_247617134_A_G
1_247617376_G_T
1_247617397_C_G
1_247617509_A_G
1_247617733_A_G
1_247617751_C_T
1_247617755_A_G
1_247617829_C_T
1_247617913_A_C
1_247617979_A_G
1_247618071_C_G
1_247618136_C_T
1_247618239_A_G
1_247618269_A_G
1_247618277_A_G
1_247618445_C_T
1_247618631_G_T
1_247618684_A_G
1_247618743_A_G
1_247618751_C_T
1_247618898_C_T
1_247619018_G_T
1_247619046_A_G
1_247619116_C_T
1_247619127_A_G
1_247619155_C_T
1_247619191_A_C
1_247619261_C_T
1_247619280_A_G
1_247619310_C_T
1_247619342_C_T
1_247619438_A_G
1_247619507_A_C
1_247619513_C_T
1_247619987_C_T
1_247620256_G_T
1_247620385_C_T
1_247620654_C_T
1_247620834_A_G
1_247620839_C_T
1_247621033_A_G
1_247621323_A_G
1_247621622_C_T
1_247622152_C_T
1_247622195_C_T
1_247622228_A_G
1_247622257_G_T
1_247622279_G_T
1_247622318_A_G
1_247622357_A_G
1_247622561_C_T
1_247622621_C_T
1_247622698_C_T
1_247622708_C_G
1_247622800_C_T
1_247622874_C_T
1_247622940_A_G
1_247623053_A_G
1_247623064_C_T
1_247623127_C_T
1_247623164_G_T
1_247623233_C_G
1_247623269_C_T
1_247623293_A_G
1_247623315_C_T
1_247623324_A_G
1_247623387_C_T
1_247623436_G_T
1_247623446_A_G
1_247623653_A_G
1_247623773_A_G
1_247623816_A_G
1_247623872_C_T
1_247623915_A_C
1_247623974_C_T
1_247623999_C_T
1_247624072_A_C
1_247624093_A_G
1_247624139_G_T
1_247624156_A_G
1_247624173_A_G
1_247624180_C_T
1_247624194_A_C
1_247624262_A_G
1_247624463_G_T
1_247624603_A_G
1_247624676_A_C
1_247624681_C_T
1_247624713_A_G
1_247624766_A_G
1_247624805_C_T
1_247624898_A_G
1_247624971_C_T
1_247625110_C_T
1_247625112_A_G
1_247625229_G_T
1_247625284_C_T
1_247625302_A_G
1_247625324_A_G
1_247625325_A_C
1_247625343_C_T
1_247625492_C_T
1_247625625_C_G
1_247625629_A_G
1_247625685_C_T
1_247625703_A_G
1_247625737_A_G
1_247625779_A_C
1_247625790_C_T
1_247625836_A_G
1_247625894_C_T
1_247625915_G_T
1_247626148_C_T
1_247626202_A_T
1_247626262_A_G
1_247626274_C_T
1_247626377_A_T
1_247626430_C_T
1_247626475_C_T
1_247626513_C_T
1_247626574_C_T
1_247626581_C_G
1_247626650_A_G
1_247626675_G_T
1_247626751_G_T
1_247626812_A_G
1_247626835_A_G
1_247626844_C_G
1_247626892_G_T
1_247626913_A_G
1_247626928_A_G
1_247627001_A_G
1_247627071_A_G
1_247627158_C_T
1_247627229_A_G
1_247627259_A_G
1_247627260_C_T
1_247627302_C_T
1_247627404_C_T
1_247627802_C_T
1_247627806_A_G
1_247628307_C_T
1_247628321_A_G
1_247628509_C_T
1_247628583_G_T
1_247628644_A_G
1_247628739_C_T
1_247628745_C_T
1_247628943_C_T
1_247629205_A_G
1_247629257_C_T
1_247629409_A_C
1_247629411_C_T
1_247629626_C_T
1_247629631_A_C
1_247629637_A_C
1_247629795_A_G
1_247629829_C_T
1_247630496_C_T
1_247631212_C_T
1_247631491_G_T
1_247631577_G_T
1_247631606_C_T
1_247631607_G_T
1_247631724_A_T
1_247631749_A_C
1_247632323_C_T
1_247632374_A_G
1_247632668_A_G
1_247632790_C_T
1_247632872_C_T
1_247632875_G_T
1_247632915_C_T
1_247633025_A_G
1_247633102_A_G
1_247633409_C_T
1_247633437_A_G
1_247633467_C_T
1_247633730_G_T
1_247633919_C_T
1_247634142_A_G
1_247634556_A_G
1_247634806_A_G
1_247635213_C_T
1_247636015_A_C
1_247636479_A_G
1_247636518_A_G
1_247636580_A_T
1_247636800_C_T
1_247636906_C_T
1_247637342_A_G
1_247637373_C_T
1_247637458_C_T
1_247637504_C_T
1_247637749_G_T
1_247638052_A_G
1_247638315_A_C
1_247638482_C_T
1_247638515_C_T
1_247638593_G_T
1_247639165_C_T
1_247639233_A_C
1_247639478_C_G
1_247639887_G_T
1_247640057_A_G
1_247640078_C_G
1_247640143_A_C
1_247640736_C_T
1_247640984_C_T
1_247641700_C_T
1_247641701_C_T
1_247641834_C_T
1_247641835_C_T
1_247641903_C_T
1_247642270_A_G
1_247642301_A_C
1_247642424_A_G
1_247642655_C_T
1_247642773_A_G
1_247643708_C_T
1_247644697_A_T
1_247645170_A_G
1_247645397_G_T
1_247645784_C_T
1_247646423_A_T
1_247646957_C_T
1_247647151_C_T
1_247647207_C_T
1_247647726_A_G
1_247647793_C_T
1_247647970_A_G
1_247648553_C_T
1_247648916_A_G
1_247649198_G_T
1_247649604_A_G
1_247649651_A_C
1_247650472_C_T
1_247650919_C_T
1_247651140_C_T
1_247651342_C_T
1_247652126_C_T
1_247652371_C_T
1_247652603_G_T
1_247652621_A_G
1_247653011_G_T
1_247653412_C_T
1_247654498_A_G
1_247654993_C_T
1_247655102_A_G
1_247655275_C_T
1_247655516_C_T
1_247655729_C_T
1_247656227_C_G
1_247656759_A_C
1_247656982_A_C
1_247657520_C_T
1_247657548_C_T
1_247658978_C_G
1_247659261_A_G
1_247659286_C_T
1_247659293_C_T
1_247659294_A_G
1_247660504_A_G
1_247661884_C_T
1_247664446_A_G
1_247664487_G_T
1_247664773_A_G
1_247664774_A_T
1_247665340_G_T
1_247665999_C_T
1_247666165_A_G
1_247666181_A_T
1_247666889_A_C
1_247666977_C_T
1_247667368_G_T
1_247667663_C_T
1_247668042_C_T
1_247669907_C_T
1_247670889_C_T
1_247670900_A_G
1_247670957_A_G
1_247671173_C_T
1_247671465_C_T
1_247671560_A_G
1_247671792_G_T
1_247672195_G_T
1_247672322_C_T
1_247672372_C_T
1_247672521_C_T
1_247673330_A_T
1_247674014_A_G
1_247674140_C_T
1_247674392_G_T
1_247674634_A_G
1_247674795_C_T
1_247674919_A_G
1_247675192_A_G
1_247675302_C_T
1_247675472_C_G
1_247675559_C_T
1_247675641_A_C
1_247676865_A_G
1_247677940_A_C
1_247678260_C_T
1_247678492_A_G
1_247678955_C_T
1_247679258_C_T
1_247679630_C_T
1_247680293_A_C
1_247680467_A_G
1_247681313_C_T
1_247681687_C_T
1_247682206_A_G
1_247682337_A_G
1_247682920_C_G
1_247683070_C_T
1_247683125_G_T
1_247683344_G_T
1_247683467_C_T
1_247683779_A_G
1_247684273_C_T
1_247684595_C_T
1_247684607_C_T
1_247684668_A_G
1_247685125_A_G
1_247685327_A_G
1_247685440_A_G
1_247685473_C_T
1_247685532_C_T
1_247685583_C_T
1_247685612_A_G
1_247685615_C_T
1_247685724_C_T
1_247685757_C_T
1_247685914_A_C
1_247685990_C_G
1_247686237_A_C
1_247686352_A_C
1_247686454_C_T
1_247686521_C_T
1_247686527_A_G
1_247686666_C_G
1_247686787_A_G
1_247686871_A_G
1_247686970_A_G
1_247687835_A_G
1_247688010_C_T
1_247688139_C_T
1_247688343_A_G
1_247688931_A_G
1_247689153_A_C
1_247689532_C_T
1_247689543_A_G
1_247690320_C_T
1_247690417_G_T
1_247690800_C_T
1_247691141_C_T
1_247691300_C_G
1_247691692_A_G
1_247692107_A_G
1_247692489_C_G
1_247692951_A_G
1_247692979_A_C
1_247694142_A_C
1_247694370_C_G
1_247694550_C_G
1_247694688_A_G
1_247694949_C_G
1_247694958_A_G
1_247695427_C_G
1_247696047_A_G
1_247696122_A_G
1_247696439_A_G
1_247696677_C_G
1_247697330_A_G
1_247697447_A_G
1_247697508_A_G
1_247697584_C_G
1_247697624_C_T
1_247697724_A_G
1_247698164_C_T
1_247698283_G_T
1_247698782_A_G
1_247699511_A_G
1_247700591_A_G
1_247700795_C_T
1_247700906_A_G
1_247701153_G_T
1_247701607_C_T
1_247701814_A_C
1_247702118_C_T
1_247702678_A_G
1_247702690_A_G
1_247702886_A_G
1_247703437_A_G
1_247704002_A_G
1_247705060_C_T
1_247705074_A_G
1_247705251_A_G
1_247705953_C_T
1_247706152_A_G
1_247706210_A_G
1_247706354_A_G
1_247706550_A_G
1_247706856_A_G
1_247707588_C_T
1_247707705_A_C
1_247707936_A_G
1_247708542_A_G
1_247709215_A_G
1_247709282_A_C
1_247709762_A_G
1_247709801_C_T
1_247709920_C_G
1_247709942_C_T
1_247710172_A_G
1_247710236_A_T
1_247710285_G_T
1_247710624_C_T
1_247710825_C_T
1_247710867_A_G
1_247710950_A_G
1_247712105_A_C
1_247712303_C_T
1_247713356_C_T
1_247713606_C_T
1_247713661_C_T
1_247713666_A_G
1_247713819_A_G
1_247714214_G_T
1_247714423_A_G
1_247715687_A_G
1_247715706_G_T
1_247715998_A_G
1_247716809_C_T
1_247718257_A_G
1_247718474_A_G
1_247718906_C_T
1_247719377_C_T
1_247719769_A_G
1_247720135_C_T
1_247720514_A_C
1_247720599_A_T
1_247721789_A_G
1_247722023_C_G
